# JRE version: Java(TM) SE Runtime Environment (8.0_60-b27) (build 1.8.0_60-b27)
# Java VM: Java HotSpot(TM) 64-Bit Server VM (25.60-b23 mixed mode bsd-amd64 compressed oops)
Heap:
 PSYoungGen      total 141824K, used 21397K [0x000000076ab00000, 0x0000000774000000, 0x00000007c0000000)
  eden space 131072K, 16% used [0x000000076ab00000,0x000000076bfe56a8,0x0000000772b00000)
  from space 10752K, 0% used [0x0000000773580000,0x0000000773580000,0x0000000774000000)
  to   space 10752K, 0% used [0x0000000772b00000,0x0000000772b00000,0x0000000773580000)
 ParOldGen       total 118784K, used 13101K [0x00000006c0000000, 0x00000006c7400000, 0x000000076ab00000)
  object space 118784K, 11% used [0x00000006c0000000,0x00000006c0ccb688,0x00000006c7400000)
 Metaspace       used 22326K, capacity 23410K, committed 23680K, reserved 1069056K
  class space    used 2837K, capacity 3198K, committed 3200K, reserved 1048576K
GC Heap History (6 events):
Event: 2.229 GC heap before
{Heap before GC invocations=1 (full 0):
 PSYoungGen      total 76288K, used 65536K [0x000000076ab00000, 0x0000000770000000, 0x00000007c0000000)
  eden space 65536K, 100% used [0x000000076ab00000,0x000000076eb00000,0x000000076eb00000)
  from space 10752K, 0% used [0x000000076f580000,0x000000076f580000,0x0000000770000000)
  to   space 10752K, 0% used [0x000000076eb00000,0x000000076eb00000,0x000000076f580000)
 ParOldGen       total 175104K, used 0K [0x00000006c0000000, 0x00000006cab00000, 0x000000076ab00000)
  object space 175104K, 0% used [0x00000006c0000000,0x00000006c0000000,0x00000006cab00000)
 Metaspace       used 15825K, capacity 16844K, committed 16896K, reserved 1064960K
  class space    used 1891K, capacity 2284K, committed 2304K, reserved 1048576K
Event: 2.256 GC heap after
Heap after GC invocations=1 (full 0):
 PSYoungGen      total 76288K, used 10728K [0x000000076ab00000, 0x0000000774000000, 0x00000007c0000000)
  eden space 65536K, 0% used [0x000000076ab00000,0x000000076ab00000,0x000000076eb00000)
  from space 10752K, 99% used [0x000000076eb00000,0x000000076f57a3e0,0x000000076f580000)
  to   space 10752K, 0% used [0x0000000773580000,0x0000000773580000,0x0000000774000000)
 ParOldGen       total 175104K, used 2315K [0x00000006c0000000, 0x00000006cab00000, 0x000000076ab00000)
  object space 175104K, 1% used [0x00000006c0000000,0x00000006c0242e18,0x00000006cab00000)
 Metaspace       used 15825K, capacity 16844K, committed 16896K, reserved 1064960K
  class space    used 1891K, capacity 2284K, committed 2304K, reserved 1048576K
}
Event: 3.087 GC heap before
{Heap before GC invocations=2 (full 0):
 PSYoungGen      total 76288K, used 46948K [0x000000076ab00000, 0x0000000774000000, 0x00000007c0000000)
  eden space 65536K, 55% used [0x000000076ab00000,0x000000076ce5ed28,0x000000076eb00000)
  from space 10752K, 99% used [0x000000076eb00000,0x000000076f57a3e0,0x000000076f580000)
  to   space 10752K, 0% used [0x0000000773580000,0x0000000773580000,0x0000000774000000)
 ParOldGen       total 175104K, used 2315K [0x00000006c0000000, 0x00000006cab00000, 0x000000076ab00000)
  object space 175104K, 1% used [0x00000006c0000000,0x00000006c0242e18,0x00000006cab00000)
 Metaspace       used 20149K, capacity 21160K, committed 21296K, reserved 1067008K
  class space    used 2519K, capacity 2877K, committed 2944K, reserved 1048576K
Event: 3.116 GC heap after
Heap after GC invocations=2 (full 0):
 PSYoungGen      total 141824K, used 10747K [0x000000076ab00000, 0x0000000774000000, 0x00000007c0000000)
  eden space 131072K, 0% used [0x000000076ab00000,0x000000076ab00000,0x0000000772b00000)
  from space 10752K, 99% used [0x0000000773580000,0x0000000773ffec10,0x0000000774000000)
  to   space 10752K, 0% used [0x0000000772b00000,0x0000000772b00000,0x0000000773580000)
 ParOldGen       total 175104K, used 4933K [0x00000006c0000000, 0x00000006cab00000, 0x000000076ab00000)
  object space 175104K, 2% used [0x00000006c0000000,0x00000006c04d1490,0x00000006cab00000)
 Metaspace       used 20149K, capacity 21160K, committed 21296K, reserved 1067008K
  class space    used 2519K, capacity 2877K, committed 2944K, reserved 1048576K
}
Event: 3.116 GC heap before
{Heap before GC invocations=3 (full 1):
 PSYoungGen      total 141824K, used 10747K [0x000000076ab00000, 0x0000000774000000, 0x00000007c0000000)
  eden space 131072K, 0% used [0x000000076ab00000,0x000000076ab00000,0x0000000772b00000)
  from space 10752K, 99% used [0x0000000773580000,0x0000000773ffec10,0x0000000774000000)
  to   space 10752K, 0% used [0x0000000772b00000,0x0000000772b00000,0x0000000773580000)
 ParOldGen       total 175104K, used 4933K [0x00000006c0000000, 0x00000006cab00000, 0x000000076ab00000)
  object space 175104K, 2% used [0x00000006c0000000,0x00000006c04d1490,0x00000006cab00000)
 Metaspace       used 20149K, capacity 21160K, committed 21296K, reserved 1067008K
  class space    used 2519K, capacity 2877K, committed 2944K, reserved 1048576K
Event: 3.209 GC heap after
Heap after GC invocations=3 (full 1):
 PSYoungGen      total 141824K, used 0K [0x000000076ab00000, 0x0000000774000000, 0x00000007c0000000)
  eden space 131072K, 0% used [0x000000076ab00000,0x000000076ab00000,0x0000000772b00000)
  from space 10752K, 0% used [0x0000000773580000,0x0000000773580000,0x0000000774000000)
  to   space 10752K, 0% used [0x0000000772b00000,0x0000000772b00000,0x0000000773580000)
 ParOldGen       total 118784K, used 13101K [0x00000006c0000000, 0x00000006c7400000, 0x000000076ab00000)
  object space 118784K, 11% used [0x00000006c0000000,0x00000006c0ccb688,0x00000006c7400000)
 Metaspace       used 20149K, capacity 21160K, committed 21296K, reserved 1067008K
  class space    used 2519K, capacity 2877K, committed 2944K, reserved 1048576K
}

